# JRE version: OpenJDK Runtime Environment Temurin-21.0.6+7 (21.0.6+7) (build 21.0.6+7-LTS)
# Java VM: OpenJDK 64-Bit Server VM Temurin-21.0.6+7 (21.0.6+7-LTS, mixed mode, emulated-client, sharing, tiered, compressed oops, compressed class ptrs, g1 gc, windows-amd64)
GC Precious Log:
 CardTable entry size: 512
 Card Set container configuration: InlinePtr #cards 5 size 8 Array Of Cards #cards 12 size 40 Howl #buckets 4 coarsen threshold 1843 Howl Bitmap #cards 512 size 80 coarsen threshold 460 Card regions per heap region 1 cards per card region 2048
 CPUs: 4 total, 4 available
 Memory: 8050M
 Large Page Support: Disabled
 NUMA Support: Disabled
 Compressed Oops: Enabled (32-bit)
 Heap Region Size: 1M
 Heap Min Capacity: 8M
 Heap Initial Capacity: 126M
 Heap Max Capacity: 2014M
 Pre-touch: Disabled
 Parallel Workers: 4
 Concurrent Workers: 1
 Concurrent Refinement Workers: 4
 Periodic GC: Disabled
Heap:
 garbage-first heap   total 58368K, used 33209K [0x0000000082200000, 0x0000000100000000)
  region size 1024K, 5 young (5120K), 2 survivors (2048K)
 Metaspace       used 58323K, committed 59008K, reserved 1114112K
  class space    used 8302K, committed 8640K, reserved 1048576K
GC Heap History (20 events):
Event: 7.096 GC heap before
{Heap before GC invocations=6 (full 0):
 garbage-first heap   total 58368K, used 43656K [0x0000000082200000, 0x0000000100000000)
  region size 1024K, 29 young (29696K), 4 survivors (4096K)
 Metaspace       used 26839K, committed 27264K, reserved 1114112K
  class space    used 3577K, committed 3776K, reserved 1048576K
}
Event: 7.102 GC heap after
{Heap after GC invocations=7 (full 0):
 garbage-first heap   total 58368K, used 20727K [0x0000000082200000, 0x0000000100000000)
  region size 1024K, 2 young (2048K), 2 survivors (2048K)
 Metaspace       used 26839K, committed 27264K, reserved 1114112K
  class space    used 3577K, committed 3776K, reserved 1048576K
}
Event: 9.234 GC heap before
{Heap before GC invocations=7 (full 0):
 garbage-first heap   total 58368K, used 47351K [0x0000000082200000, 0x0000000100000000)
  region size 1024K, 28 young (28672K), 2 survivors (2048K)
 Metaspace       used 29984K, committed 30464K, reserved 1114112K
  class space    used 4130K, committed 4352K, reserved 1048576K
}
Event: 9.239 GC heap after
{Heap after GC invocations=8 (full 0):
 garbage-first heap   total 58368K, used 22421K [0x0000000082200000, 0x0000000100000000)
  region size 1024K, 4 young (4096K), 4 survivors (4096K)
 Metaspace       used 29984K, committed 30464K, reserved 1114112K
  class space    used 4130K, committed 4352K, reserved 1048576K
}
Event: 10.124 GC heap before
{Heap before GC invocations=8 (full 0):
 garbage-first heap   total 58368K, used 48021K [0x0000000082200000, 0x0000000100000000)
  region size 1024K, 29 young (29696K), 4 survivors (4096K)
 Metaspace       used 33408K, committed 33920K, reserved 1114112K
  class space    used 4639K, committed 4864K, reserved 1048576K
}
Event: 10.133 GC heap after
{Heap after GC invocations=9 (full 0):
 garbage-first heap   total 58368K, used 24516K [0x0000000082200000, 0x0000000100000000)
  region size 1024K, 4 young (4096K), 4 survivors (4096K)
 Metaspace       used 33408K, committed 33920K, reserved 1114112K
  class space    used 4639K, committed 4864K, reserved 1048576K
}
Event: 10.716 GC heap before
{Heap before GC invocations=9 (full 0):
 garbage-first heap   total 58368K, used 42948K [0x0000000082200000, 0x0000000100000000)
  region size 1024K, 23 young (23552K), 4 survivors (4096K)
 Metaspace       used 35784K, committed 36288K, reserved 1114112K
  class space    used 4936K, committed 5184K, reserved 1048576K
}
Event: 10.722 GC heap after
{Heap after GC invocations=10 (full 0):
 garbage-first heap   total 58368K, used 26152K [0x0000000082200000, 0x0000000100000000)
  region size 1024K, 2 young (2048K), 2 survivors (2048K)
 Metaspace       used 35784K, committed 36288K, reserved 1114112K
  class space    used 4936K, committed 5184K, reserved 1048576K
}
Event: 11.750 GC heap before
{Heap before GC invocations=11 (full 0):
 garbage-first heap   total 58368K, used 48680K [0x0000000082200000, 0x0000000100000000)
  region size 1024K, 25 young (25600K), 2 survivors (2048K)
 Metaspace       used 39882K, committed 40512K, reserved 1114112K
  class space    used 5551K, committed 5824K, reserved 1048576K
}
Event: 11.755 GC heap after
{Heap after GC invocations=12 (full 0):
 garbage-first heap   total 58368K, used 27302K [0x0000000082200000, 0x0000000100000000)
  region size 1024K, 3 young (3072K), 3 survivors (3072K)
 Metaspace       used 39882K, committed 40512K, reserved 1114112K
  class space    used 5551K, committed 5824K, reserved 1048576K
}
Event: 13.060 GC heap before
{Heap before GC invocations=12 (full 0):
 garbage-first heap   total 58368K, used 49830K [0x0000000082200000, 0x0000000100000000)
  region size 1024K, 26 young (26624K), 3 survivors (3072K)
 Metaspace       used 45959K, committed 46528K, reserved 1114112K
  class space    used 6423K, committed 6656K, reserved 1048576K
}
Event: 13.066 GC heap after
{Heap after GC invocations=13 (full 0):
 garbage-first heap   total 58368K, used 28219K [0x0000000082200000, 0x0000000100000000)
  region size 1024K, 3 young (3072K), 3 survivors (3072K)
 Metaspace       used 45959K, committed 46528K, reserved 1114112K
  class space    used 6423K, committed 6656K, reserved 1048576K
}
Event: 14.085 GC heap before
{Heap before GC invocations=13 (full 0):
 garbage-first heap   total 58368K, used 49723K [0x0000000082200000, 0x0000000100000000)
  region size 1024K, 25 young (25600K), 3 survivors (3072K)
 Metaspace       used 50368K, committed 50944K, reserved 1114112K
  class space    used 7027K, committed 7296K, reserved 1048576K
}
Event: 14.091 GC heap after
{Heap after GC invocations=14 (full 0):
 garbage-first heap   total 58368K, used 30377K [0x0000000082200000, 0x0000000100000000)
  region size 1024K, 4 young (4096K), 4 survivors (4096K)
 Metaspace       used 50368K, committed 50944K, reserved 1114112K
  class space    used 7027K, committed 7296K, reserved 1048576K
}
Event: 14.702 GC heap before
{Heap before GC invocations=14 (full 0):
 garbage-first heap   total 58368K, used 47785K [0x0000000082200000, 0x0000000100000000)
  region size 1024K, 22 young (22528K), 4 survivors (4096K)
 Metaspace       used 53718K, committed 54400K, reserved 1114112K
  class space    used 7441K, committed 7744K, reserved 1048576K
}
Event: 14.707 GC heap after
{Heap after GC invocations=15 (full 0):
 garbage-first heap   total 58368K, used 30968K [0x0000000082200000, 0x0000000100000000)
  region size 1024K, 1 young (1024K), 1 survivors (1024K)
 Metaspace       used 53718K, committed 54400K, reserved 1114112K
  class space    used 7441K, committed 7744K, reserved 1048576K
}
Event: 15.557 GC heap before
{Heap before GC invocations=16 (full 0):
 garbage-first heap   total 58368K, used 52472K [0x0000000082200000, 0x0000000100000000)
  region size 1024K, 22 young (22528K), 1 survivors (1024K)
 Metaspace       used 57955K, committed 58624K, reserved 1114112K
  class space    used 8262K, committed 8576K, reserved 1048576K
}
Event: 15.560 GC heap after
{Heap after GC invocations=17 (full 0):
 garbage-first heap   total 58368K, used 31358K [0x0000000082200000, 0x0000000100000000)
  region size 1024K, 2 young (2048K), 2 survivors (2048K)
 Metaspace       used 57955K, committed 58624K, reserved 1114112K
  class space    used 8262K, committed 8576K, reserved 1048576K
}
Event: 16.048 GC heap before
{Heap before GC invocations=17 (full 0):
 garbage-first heap   total 58368K, used 50814K [0x0000000082200000, 0x0000000100000000)
  region size 1024K, 21 young (21504K), 2 survivors (2048K)
 Metaspace       used 58144K, committed 58880K, reserved 1114112K
  class space    used 8293K, committed 8640K, reserved 1048576K
}
Event: 16.051 GC heap after
{Heap after GC invocations=18 (full 0):
 garbage-first heap   total 58368K, used 31161K [0x0000000082200000, 0x0000000100000000)
  region size 1024K, 2 young (2048K), 2 survivors (2048K)
 Metaspace       used 58144K, committed 58880K, reserved 1114112K
  class space    used 8293K, committed 8640K, reserved 1048576K
}

